<?xml version="1.0" encoding="UTF-8"?>
<!-- Generated by org.testng.reporters.JUnitReportReporter -->
<testsuite hostname="NO-002-QA" failures="0" tests="3" name="com.crm.qa.testcases.LoginPageTest" time="63.391" errors="0" timestamp="2024-06-26T19:01:50 IST" skipped="0">
  <testcase classname="com.crm.qa.testcases.LoginPageTest" name="imageLogoTest" time="19.899"/>
  <system-out/>
  <testcase classname="com.crm.qa.testcases.LoginPageTest" name="loginTest" time="33.195"/>
  <system-out/>
  <testcase classname="com.crm.qa.testcases.LoginPageTest" name="loginPageTitleTest" time="10.297"/>
  <system-out/>
</testsuite> <!-- com.crm.qa.testcases.LoginPageTest -->
